<?xml version="1.0" encoding="UTF-8"?>
<!-- Generated by org.testng.reporters.JUnitReportReporter -->
<testsuite hostname="Praneetha" name="testng.ParallelFirstTest" tests="4" failures="0" timestamp="28 Oct 2016 08:29:43 GMT" time="0.092" errors="1">
  <testcase name="C1M2" time="0.023" classname="testng.ParallelFirstTest"/>
  <testcase name="C1M3" time="0.023" classname="testng.ParallelFirstTest"/>
  <testcase name="C1M4" time="0.023" classname="testng.ParallelFirstTest"/>
  <testcase name="C1M1" time="0.023" classname="testng.ParallelFirstTest">
    <error type="org.testng.SkipException" message="Just to test the skip exception">
      <![CDATA[org.testng.SkipException: Just to test the skip exception
	at testng.ParallelFirstTest.C1M1(ParallelFirstTest.java:11)
	at sun.reflect.NativeMethodAccessorImpl.invoke0(Native Method)
	at sun.reflect.NativeMethodAccessorImpl.invoke(NativeMethodAccessorImpl.java:62)
	at sun.reflect.DelegatingMethodAccessorImpl.invoke(DelegatingMethodAccessorImpl.java:43)
	at java.lang.reflect.Method.invoke(Method.java:497)
	at org.testng.internal.MethodInvocationHelper.invokeMethod(MethodInvocationHelper.java:85)
	at org.testng.internal.Invoker.invokeMethod(Invoker.java:639)
	at org.testng.internal.Invoker.invokeTestMethod(Invoker.java:816)
	at org.testng.internal.Invoker.invokeTestMethods(Invoker.java:1124)
	at org.testng.internal.TestMethodWorker.invokeTestMethods(TestMethodWorker.java:125)
	at org.testng.internal.TestMethodWorker.run(TestMethodWorker.java:108)
	at java.util.concurrent.ThreadPoolExecutor.runWorker(ThreadPoolExecutor.java:1142)
	at java.util.concurrent.ThreadPoolExecutor$Worker.run(ThreadPoolExecutor.java:617)
	at java.lang.Thread.run(Thread.java:745)
]]>
    </error>
  </testcase> <!-- C1M1 -->
</testsuite> <!-- testng.ParallelFirstTest -->
